0 info it worked if it ends with ok
1 verbose cli [ 'C:\\Program Files\\nodejs\\node.exe',
1 verbose cli   'C:\\Program Files\\nodejs\\node_modules\\npm\\bin\\npm-cli.js',
1 verbose cli   'publish' ]
2 info using npm@3.10.10
3 info using node@v6.11.3
4 verbose publish [ '.' ]
5 silly cache add args [ '.', null ]
6 verbose cache add spec .
7 silly cache add parsed spec Result {
7 silly cache add   raw: '.',
7 silly cache add   scope: null,
7 silly cache add   escapedName: null,
7 silly cache add   name: null,
7 silly cache add   rawSpec: '.',
7 silly cache add   spec: 'C:\\Users\\ulf.schneider\\git\\somap',
7 silly cache add   type: 'directory' }
8 verbose addLocalDirectory C:\Users\ulf.schneider\AppData\Roaming\npm-cache\somap\0.1.0\package.tgz not in flight; packing
9 verbose correctMkdir C:\Users\ulf.schneider\AppData\Roaming\npm-cache correctMkdir not in flight; initializing
10 info lifecycle somap@0.1.0~prepublish: somap@0.1.0
11 silly lifecycle somap@0.1.0~prepublish: no script for prepublish, continuing
12 verbose tar pack [ 'C:\\Users\\ulf.schneider\\AppData\\Roaming\\npm-cache\\somap\\0.1.0\\package.tgz',
12 verbose tar pack   'C:\\Users\\ulf.schneider\\git\\somap' ]
13 verbose tarball C:\Users\ulf.schneider\AppData\Roaming\npm-cache\somap\0.1.0\package.tgz
14 verbose folder C:\Users\ulf.schneider\git\somap
15 verbose addLocalTarball adding from inside cache C:\Users\ulf.schneider\AppData\Roaming\npm-cache\somap\0.1.0\package.tgz
16 verbose correctMkdir C:\Users\ulf.schneider\AppData\Roaming\npm-cache correctMkdir not in flight; initializing
17 silly cache afterAdd somap@0.1.0
18 verbose afterAdd C:\Users\ulf.schneider\AppData\Roaming\npm-cache\somap\0.1.0\package\package.json not in flight; writing
19 verbose correctMkdir C:\Users\ulf.schneider\AppData\Roaming\npm-cache correctMkdir not in flight; initializing
20 verbose afterAdd C:\Users\ulf.schneider\AppData\Roaming\npm-cache\somap\0.1.0\package\package.json written
21 silly publish { name: 'somap',
21 silly publish   version: '0.1.0',
21 silly publish   description: 'A sorted map, implemented as a binary search tree',
21 silly publish   main: 'somap.js',
21 silly publish   scripts: { test: 'jest' },
21 silly publish   author: { name: 'Ulf Schneider' },
21 silly publish   repository:
21 silly publish    { type: 'git',
21 silly publish      url: 'git+https://github.com/ulfschneider/somap.git' },
21 silly publish   license: 'MIT',
21 silly publish   devDependencies: { jest: '^22.4.3' },
21 silly publish   dependencies: { npm: '^5.8.0' },
21 silly publish   readme: '## A sorted map that is implemented as a binary tree\r\n\r\nThe tests for this code require `npm` and `Jest` to be installed on the machine. With that, tests will be fired by issuing\r\n\r\n    npm test\r\n\r\nfrom inside the working directory.\r\n\r\nThe working directory contains a `pre-commit.sh` script. When you create a symbol link to the git pre-commit hook via\r\n\r\n    ln -s ../../pre-commit.sh .git/hooks/pre-commit\r\n\r\nThe Jest tests will be run before any commit. In case the tests fail, a commit will not be possible. In order to make this pre-commit behavior available in Tower for Mac, an `environment.plist` file needs to be created in the `~/Library/Application Support/com.fournova.Tower2` directory. That `environment.plist` needs to contain the `$PATH` setting of your shell. Here is an example how the `environment.plist` could look like:\r\n\r\n    <?xml version="1.0" encoding="UTF-8"?>\r\n    <!DOCTYPE plist PUBLIC "-//Apple//DTD PLIST 1.0//EN" "http://www.apple.com/DTDs/PropertyList-1.0.dtd">\r\n    <plist version="1.0">\r\n      <dict>\r\n        <key>PATH</key>\r\n            <string>/usr/local/bin:/usr/bin:/bin:/usr/sbin:/sbin</string>\r\n      </dict>\r\n    </plist>\r\n',
21 silly publish   readmeFilename: 'README.md',
21 silly publish   gitHead: '5815974c70512acd4a202b9298f778eec0827299',
21 silly publish   bugs: { url: 'https://github.com/ulfschneider/somap/issues' },
21 silly publish   homepage: 'https://github.com/ulfschneider/somap#readme',
21 silly publish   _id: 'somap@0.1.0',
21 silly publish   _shasum: 'a4a68102d90c59a731b415d0bb30f97396ff94a6',
21 silly publish   _from: '.' }
22 verbose getPublishConfig undefined
23 silly mapToRegistry name somap
24 silly mapToRegistry using default registry
25 silly mapToRegistry registry https://registry.npmjs.org/
26 silly mapToRegistry data Result {
26 silly mapToRegistry   raw: 'somap',
26 silly mapToRegistry   scope: null,
26 silly mapToRegistry   escapedName: 'somap',
26 silly mapToRegistry   name: 'somap',
26 silly mapToRegistry   rawSpec: '',
26 silly mapToRegistry   spec: 'latest',
26 silly mapToRegistry   type: 'tag' }
27 silly mapToRegistry uri https://registry.npmjs.org/somap
28 verbose publish registryBase https://registry.npmjs.org/
29 silly publish uploading C:\Users\ulf.schneider\AppData\Roaming\npm-cache\somap\0.1.0\package.tgz
30 verbose request uri https://registry.npmjs.org/somap
31 verbose request sending authorization for write operation
32 info attempt registry request try #1 at 11:25:17
33 verbose request using bearer token for auth
34 verbose request id c405e05ece6f014f
35 http request PUT https://registry.npmjs.org/somap
36 http 403 https://registry.npmjs.org/somap
37 verbose headers { 'content-type': 'application/json',
37 verbose headers   'cache-control': 'max-age=300',
37 verbose headers   'content-length': '93',
37 verbose headers   'accept-ranges': 'bytes',
37 verbose headers   date: 'Mon, 16 Apr 2018 09:25:18 GMT',
37 verbose headers   via: '1.1 varnish',
37 verbose headers   connection: 'close',
37 verbose headers   'x-served-by': 'cache-fra19129-FRA',
37 verbose headers   'x-cache': 'MISS',
37 verbose headers   'x-cache-hits': '0',
37 verbose headers   'x-timer': 'S1523870717.444282,VS0,VE1214',
37 verbose headers   vary: 'Accept-Encoding, Accept' }
38 verbose request invalidating C:\Users\ulf.schneider\AppData\Roaming\npm-cache\registry.npmjs.org\somap on PUT
39 error publish Failed PUT 403
40 verbose stack Error: You cannot publish over the previously published versions: 0.1.0. : somap
40 verbose stack     at makeError (C:\Program Files\nodejs\node_modules\npm\node_modules\npm-registry-client\lib\request.js:302:12)
40 verbose stack     at CachingRegistryClient.<anonymous> (C:\Program Files\nodejs\node_modules\npm\node_modules\npm-registry-client\lib\request.js:290:14)
40 verbose stack     at Request._callback (C:\Program Files\nodejs\node_modules\npm\node_modules\npm-registry-client\lib\request.js:210:14)
40 verbose stack     at Request.self.callback (C:\Program Files\nodejs\node_modules\npm\node_modules\request\request.js:187:22)
40 verbose stack     at emitTwo (events.js:106:13)
40 verbose stack     at Request.emit (events.js:191:7)
40 verbose stack     at Request.<anonymous> (C:\Program Files\nodejs\node_modules\npm\node_modules\request\request.js:1048:10)
40 verbose stack     at emitOne (events.js:96:13)
40 verbose stack     at Request.emit (events.js:188:7)
40 verbose stack     at IncomingMessage.<anonymous> (C:\Program Files\nodejs\node_modules\npm\node_modules\request\request.js:969:12)
41 verbose statusCode 403
42 verbose pkgid somap
43 verbose cwd C:\Users\ulf.schneider\git\somap
44 error Windows_NT 6.1.7601
45 error argv "C:\\Program Files\\nodejs\\node.exe" "C:\\Program Files\\nodejs\\node_modules\\npm\\bin\\npm-cli.js" "publish"
46 error node v6.11.3
47 error npm  v3.10.10
48 error code E403
49 error You cannot publish over the previously published versions: 0.1.0. : somap
50 error If you need help, you may report this error at:
50 error     <https://github.com/npm/npm/issues>
51 verbose exit [ 1, true ]
